[0.233s] colcon DEBUG Command line arguments: ['/usr/bin/colcon', 'build', '--cmake-args', '-DCMAKE_BUILD_TYPE=Release']
[0.233s] colcon DEBUG Parsed command line arguments: Namespace(log_base=None, log_level=None, verb_name='build', build_base='build', install_base='install', merge_install=False, symlink_install=False, test_result_base=None, continue_on_error=False, executor='parallel', parallel_workers=6, event_handlers=None, ignore_user_meta=False, metas=['./colcon.meta'], base_paths=['.'], packages_ignore=None, packages_ignore_regex=None, paths=None, packages_up_to=None, packages_up_to_regex=None, packages_above=None, packages_above_and_dependencies=None, packages_above_depth=None, packages_select_by_dep=None, packages_skip_by_dep=None, packages_skip_up_to=None, packages_select_build_failed=False, packages_skip_build_finished=False, packages_select_test_failures=False, packages_skip_test_passed=False, packages_select=None, packages_skip=None, packages_select_regex=None, packages_skip_regex=None, packages_start=None, packages_end=None, allow_overriding=[], cmake_args=['-DCMAKE_BUILD_TYPE=Release'], cmake_target=None, cmake_target_skip_unavailable=False, cmake_clean_cache=False, cmake_clean_first=False, cmake_force_configure=False, ament_cmake_args=None, catkin_cmake_args=None, catkin_skip_building_tests=False, verb_parser=<colcon_defaults.argument_parser.defaults.DefaultArgumentsDecorator object at 0xffff98c12230>, verb_extension=<colcon_core.verb.build.BuildVerb object at 0xffff98c11c90>, main=<bound method BuildVerb.main of <colcon_core.verb.build.BuildVerb object at 0xffff98c11c90>>)
[0.570s] colcon.colcon_core.package_discovery Level 1 discover_packages(colcon_meta) check parameters
[0.570s] colcon.colcon_core.package_discovery Level 1 discover_packages(recursive) check parameters
[0.571s] colcon.colcon_core.package_discovery Level 1 discover_packages(ignore) check parameters
[0.571s] colcon.colcon_core.package_discovery Level 1 discover_packages(path) check parameters
[0.571s] colcon.colcon_core.package_discovery Level 1 discover_packages(colcon_meta) discover
[0.571s] colcon.colcon_core.package_discovery Level 1 discover_packages(recursive) discover
[0.571s] colcon.colcon_core.package_discovery INFO Crawling recursively for packages in '/home/zip/Zip/zip'
[0.571s] colcon.colcon_core.package_identification Level 1 _identify(.) by extensions ['ignore', 'ignore_ament_install']
[0.572s] colcon.colcon_core.package_identification Level 1 _identify(.) by extension 'ignore'
[0.572s] colcon.colcon_core.package_identification Level 1 _identify(.) ignored
[0.572s] colcon.colcon_core.package_discovery Level 1 discover_packages(recursive) using defaults
[0.572s] colcon.colcon_core.package_discovery Level 1 discover_packages(ignore) discover
[0.572s] colcon.colcon_core.package_discovery Level 1 discover_packages(ignore) using defaults
[0.572s] colcon.colcon_core.package_discovery Level 1 discover_packages(path) discover
[0.572s] colcon.colcon_core.package_discovery Level 1 discover_packages(path) using defaults
[0.602s] colcon.colcon_core.package_discovery Level 1 discover_packages(prefix_path) check parameters
[0.602s] colcon.colcon_core.package_discovery Level 1 discover_packages(prefix_path) discover
[0.607s] colcon.colcon_installed_package_information.package_discovery DEBUG Found 286 installed packages in /opt/ros/humble
[0.609s] colcon.colcon_core.package_discovery Level 1 discover_packages(prefix_path) using defaults
[0.713s] colcon.colcon_core.executor INFO Executing jobs using 'parallel' executor
[0.716s] colcon.colcon_parallel_executor.executor.parallel DEBUG run_until_complete
[0.716s] colcon.colcon_parallel_executor.executor.parallel DEBUG closing loop
[0.717s] colcon.colcon_parallel_executor.executor.parallel DEBUG loop closed
[0.717s] colcon.colcon_parallel_executor.executor.parallel DEBUG run_until_complete finished with '0'
[0.717s] colcon.colcon_core.event_reactor DEBUG joining thread
[0.731s] colcon.colcon_core.plugin_system INFO Skipping extension 'colcon_notification.desktop_notification.terminal_notifier': Not used on non-Darwin systems
[0.732s] colcon.colcon_core.plugin_system INFO Skipping extension 'colcon_notification.desktop_notification.win32': Not used on non-Windows systems
[0.732s] colcon.colcon_notification.desktop_notification INFO Sending desktop notification using 'notify2'
[0.757s] colcon.colcon_core.event_reactor DEBUG joined thread
[0.762s] colcon.colcon_core.plugin_system INFO Skipping extension 'colcon_core.shell.bat': Not used on non-Windows systems
[0.763s] colcon.colcon_core.shell INFO Creating prefix script '/home/zip/Zip/zip/install/local_setup.ps1'
[0.766s] colcon.colcon_core.shell INFO Creating prefix util module '/home/zip/Zip/zip/install/_local_setup_util_ps1.py'
[0.770s] colcon.colcon_core.shell INFO Creating prefix chain script '/home/zip/Zip/zip/install/setup.ps1'
[0.773s] colcon.colcon_core.shell INFO Creating prefix script '/home/zip/Zip/zip/install/local_setup.sh'
[0.775s] colcon.colcon_core.shell INFO Creating prefix util module '/home/zip/Zip/zip/install/_local_setup_util_sh.py'
[0.777s] colcon.colcon_core.shell INFO Creating prefix chain script '/home/zip/Zip/zip/install/setup.sh'
[0.780s] colcon.colcon_core.shell INFO Creating prefix script '/home/zip/Zip/zip/install/local_setup.bash'
[0.781s] colcon.colcon_core.shell INFO Creating prefix chain script '/home/zip/Zip/zip/install/setup.bash'
[0.784s] colcon.colcon_core.shell INFO Creating prefix script '/home/zip/Zip/zip/install/local_setup.zsh'
[0.786s] colcon.colcon_core.shell INFO Creating prefix chain script '/home/zip/Zip/zip/install/setup.zsh'
