esptool v5.3.0
Serial port COM4:
Note: Pre-connection option "no-reset" was selected. Connection may fail if the chip is not in bootloader or flasher stub mode.
Connecting...
Connected to ESP32-S3 on COM4:
Chip type:          ESP32-S3 (QFN56) (revision v0.2)
Features:           Wi-Fi, BT 5 (LE), Dual Core + LP Core, 240MHz, Embedded PSRAM 8MB (AP_3v3)
Crystal frequency:  40MHz
USB mode:           USB-Serial/JTAG
MAC:                fc:01:2c:c7:92:a8

Uploading stub flasher...
Running stub flasher...
Stub flasher running.

Flash Memory Information:
=========================
Manufacturer: 20
Device: 4017
Detected flash size: 8MB
Flash type set in eFuse: quad (4 data lines)
Flash voltage set by eFuse: 3.3V

Staying in bootloader.
