Connecting to COM4 ...
Connecting...
Detecting chip type... ESP32-S3
Uploading stub flasher...
Running stub flasher...
Stub flasher running.
Chip: ESP32-S3  stub running
  0x040000 / 0x400000  (  6.2%)  reconnects=0
Connecting...
Detecting chip type... ESP32-S3
Uploading stub flasher...
Running stub flasher...
Stub flasher running.
  reconnect #2 at 0x060000 (FatalError)
Connecting...
Detecting chip type... ESP32-S3
Uploading stub flasher...
Running stub flasher...
Stub flasher running.
  reconnect #3 at 0x060000 (FatalError)
Connecting...
Detecting chip type... ESP32-S3
Uploading stub flasher...
Running stub flasher...
Stub flasher running.
  reconnect #4 at 0x060000 (FatalError)
Connecting...
Detecting chip type... ESP32-S3
Uploading stub flasher...
Running stub flasher...
Stub flasher running.
  reconnect #5 at 0x060000 (FatalError)
