Processing esp32cam (platform: espressif32@6.5.0; board: esp32-s3-devkitc-1; framework: arduino)
--------------------------------------------------------------------------------
Platform Manager: Installing espressif32 @ 6.5.0
Downloading 0% 10% 20% 30% 40% 50% 60% 70% 80% 90% 100%
Unpacking 0% 10% 20% 30% 40% 50% 60% 70% 80% 90% 100%
Platform Manager: espressif32@6.5.0 has been installed!
Tool Manager: Installing espressif/toolchain-xtensa-esp32s3 @ 8.4.0+2021r2-patch5
Downloading 0% 10% 20% 30% 40% 50% 60% 70% 80% 90% 100%
Unpacking 0% 10% 20% 30% 40% 50% 60% 70% 80% 90% 100%
Tool Manager: toolchain-xtensa-esp32s3@8.4.0+2021r2-patch5 has been installed!
Tool Manager: Installing espressif/toolchain-riscv32-esp @ 8.4.0+2021r2-patch5
Downloading 0% 10% 20% 30% 40% 50% 60% 70% 80% 90% 100%
Unpacking 0% 10% 20% 30% 40% 50% 60% 70% 80% 90% 100%
Tool Manager: toolchain-riscv32-esp@8.4.0+2021r2-patch5 has been installed!
Tool Manager: Installing platformio/framework-arduinoespressif32 @ ~3.20014.0
Downloading 0% 10% 20% 30% 40% 50% 60% 70% 80% 90% 100%
Unpacking 0% 10% 20% 30% 40% 50% 60% 70% 80% 90% 100%
Tool Manager: framework-arduinoespressif32@3.20014.231204 has been installed!
Tool Manager: Installing platformio/tool-esptoolpy @ ~1.40501.0
Downloading 0% 10% 20% 30% 40%
Unpacking 0% 10% 20% 30% 40% 50% 60% 70% 80% 90% 100%
Tool Manager: tool-esptoolpy@1.40501.0 has been installed!
Tool Manager: Installing platformio/tool-scons @ ~4.40801.0
Downloading 0% 10% 20% 30% 40%
Unpacking 0% 10% 20% 30% 40% 50% 60% 70% 80% 90% 100%
Tool Manager: tool-scons@4.40801.0 has been installed!
Verbose mode can be enabled via `-v, --verbose` option
CONFIGURATION: https://docs.platformio.org/page/boards/espressif32/esp32-s3-devkitc-1.html
PLATFORM: Espressif 32 (6.5.0) > Espressif ESP32-S3-DevKitC-1-N8 (8 MB QD, No PSRAM)
HARDWARE: ESP32S3 240MHz, 320KB RAM, 8MB Flash
DEBUG: Current (esp-builtin) On-board (esp-builtin) External (cmsis-dap, esp-bridge, esp-prog, iot-bus-jtag, jlink, minimodule, olimex-arm-usb-ocd, olimex-arm-usb-ocd-h, olimex-arm-usb-tiny-h, olimex-jtag-tiny, tumpa)
PACKAGES: 
 - framework-arduinoespressif32 @ 3.20014.231204 (2.0.14) 
 - tool-esptoolpy @ 1.40501.0 (4.5.1) 
 - toolchain-riscv32-esp @ 8.4.0+2021r2-patch5 
 - toolchain-xtensa-esp32s3 @ 8.4.0+2021r2-patch5
LDF: Library Dependency Finder -> https://bit.ly/configure-pio-ldf
LDF Modes: Finder ~ chain, Compatibility ~ soft
Found 33 compatible libraries
Scanning dependencies...
No dependencies
Building in release mode
Compiling .pio\build\esp32cam\src\app\app_main.cpp.o
Compiling .pio\build\esp32cam\src\app\task_architecture.cpp.o
Compiling .pio\build\esp32cam\src\config\safe_mode.cpp.o
Compiling .pio\build\esp32cam\src\drivers\camera\camera_service.cpp.o
Compiling .pio\build\esp32cam\src\drivers\uart\uart_bridge.cpp.o
Compiling .pio\build\esp32cam\src\net\net_service.cpp.o
Compiling .pio\build\esp32cam\src\web\web_server.cpp.o
Building .pio\build\esp32cam\bootloader.bin
Generating partitions .pio\build\esp32cam\partitions.bin
Compiling .pio\build\esp32cam\FrameworkArduino\Esp.cpp.o
Compiling .pio\build\esp32cam\FrameworkArduino\FirmwareMSC.cpp.o
Compiling .pio\build\esp32cam\FrameworkArduino\FunctionalInterrupt.cpp.o
Compiling .pio\build\esp32cam\FrameworkArduino\HWCDC.cpp.o
Compiling .pio\build\esp32cam\FrameworkArduino\HardwareSerial.cpp.o
Compiling .pio\build\esp32cam\FrameworkArduino\IPAddress.cpp.o
Compiling .pio\build\esp32cam\FrameworkArduino\IPv6Address.cpp.o
Compiling .pio\build\esp32cam\FrameworkArduino\MD5Builder.cpp.o
Compiling .pio\build\esp32cam\FrameworkArduino\Print.cpp.o
Compiling .pio\build\esp32cam\FrameworkArduino\Stream.cpp.o
Compiling .pio\build\esp32cam\FrameworkArduino\StreamString.cpp.o
Compiling .pio\build\esp32cam\FrameworkArduino\Tone.cpp.o
esptool.py v4.5.1
Creating esp32s3 image...
Merged 1 ELF section
Successfully created esp32s3 image.
Compiling .pio\build\esp32cam\FrameworkArduino\USB.cpp.o
Compiling .pio\build\esp32cam\FrameworkArduino\USBCDC.cpp.o
Compiling .pio\build\esp32cam\FrameworkArduino\USBMSC.cpp.o
Compiling .pio\build\esp32cam\FrameworkArduino\WMath.cpp.o
Compiling .pio\build\esp32cam\FrameworkArduino\WString.cpp.o
Compiling .pio\build\esp32cam\FrameworkArduino\base64.cpp.o
Compiling .pio\build\esp32cam\FrameworkArduino\cbuf.cpp.o
Compiling .pio\build\esp32cam\FrameworkArduino\esp32-hal-adc.c.o
Compiling .pio\build\esp32cam\FrameworkArduino\esp32-hal-bt.c.o
Compiling .pio\build\esp32cam\FrameworkArduino\esp32-hal-cpu.c.o
Compiling .pio\build\esp32cam\FrameworkArduino\esp32-hal-dac.c.o
Compiling .pio\build\esp32cam\FrameworkArduino\esp32-hal-gpio.c.o
Compiling .pio\build\esp32cam\FrameworkArduino\esp32-hal-i2c-slave.c.o
Compiling .pio\build\esp32cam\FrameworkArduino\esp32-hal-i2c.c.o
Compiling .pio\build\esp32cam\FrameworkArduino\esp32-hal-ledc.c.o
Compiling .pio\build\esp32cam\FrameworkArduino\esp32-hal-matrix.c.o
Compiling .pio\build\esp32cam\FrameworkArduino\esp32-hal-misc.c.o
Compiling .pio\build\esp32cam\FrameworkArduino\esp32-hal-psram.c.o
Compiling .pio\build\esp32cam\FrameworkArduino\esp32-hal-rgb-led.c.o
Compiling .pio\build\esp32cam\FrameworkArduino\esp32-hal-rmt.c.o
Compiling .pio\build\esp32cam\FrameworkArduino\esp32-hal-sigmadelta.c.o
Compiling .pio\build\esp32cam\FrameworkArduino\esp32-hal-spi.c.o
Compiling .pio\build\esp32cam\FrameworkArduino\esp32-hal-time.c.o
Compiling .pio\build\esp32cam\FrameworkArduino\esp32-hal-timer.c.o
Compiling .pio\build\esp32cam\FrameworkArduino\esp32-hal-tinyusb.c.o
Compiling .pio\build\esp32cam\FrameworkArduino\esp32-hal-touch.c.o
Compiling .pio\build\esp32cam\FrameworkArduino\esp32-hal-uart.c.o
Compiling .pio\build\esp32cam\FrameworkArduino\firmware_msc_fat.c.o
Compiling .pio\build\esp32cam\FrameworkArduino\libb64\cdecode.c.o
Compiling .pio\build\esp32cam\FrameworkArduino\libb64\cencode.c.o
Compiling .pio\build\esp32cam\FrameworkArduino\main.cpp.o
Compiling .pio\build\esp32cam\FrameworkArduino\stdlib_noniso.c.o
Compiling .pio\build\esp32cam\FrameworkArduino\wiring_pulse.c.o
Compiling .pio\build\esp32cam\FrameworkArduino\wiring_shift.c.o
Archiving .pio\build\esp32cam\libFrameworkArduino.a
Linking .pio\build\esp32cam\firmware.elf

